2021-12-23 22:24:03 [scrapy.utils.log] INFO: Scrapy 2.5.1 started (bot: scrapy_demo)
2021-12-23 22:24:03 [scrapy.utils.log] INFO: Versions: lxml 4.6.4.0, libxml2 2.9.10, cssselect 1.1.0, parsel 1.6.0, w3lib 1.22.0, Twisted 18.9.0, Python 3.8.10 (default, Sep 28 2021, 16:10:42) - [GCC 9.3.0], pyOpenSSL 19.0.0 (OpenSSL 1.1.1f  31 Mar 2020), cryptography 2.8, Platform Linux-5.10.16.3-microsoft-standard-WSL2-x86_64-with-glibc2.29
2021-12-23 22:24:03 [scrapy.utils.log] DEBUG: Using reactor: twisted.internet.epollreactor.EPollReactor
2021-12-23 22:24:03 [scrapy.crawler] INFO: Overridden settings:
{'BOT_NAME': 'scrapy_demo',
 'FEED_EXPORT_ENCODING': 'utf-8',
 'LOG_FILE': './output/ettoday.log',
 'NEWSPIDER_MODULE': 'scrapy_demo.spiders',
 'ROBOTSTXT_OBEY': True,
 'SPIDER_MODULES': ['scrapy_demo.spiders']}
2021-12-23 22:24:03 [scrapy.extensions.telnet] INFO: Telnet Password: 4b35fc0dfe3ddc9f
2021-12-23 22:24:03 [py.warnings] WARNING: /home/weiche/.local/lib/python3.8/site-packages/scrapy/extensions/feedexport.py:247: ScrapyDeprecationWarning: The `FEED_URI` and `FEED_FORMAT` settings have been deprecated in favor of the `FEEDS` setting. Please see the `FEEDS` setting docs for more details
  exporter = cls(crawler)

2021-12-23 22:24:03 [scrapy.middleware] INFO: Enabled extensions:
['scrapy.extensions.corestats.CoreStats',
 'scrapy.extensions.telnet.TelnetConsole',
 'scrapy.extensions.memusage.MemoryUsage',
 'scrapy.extensions.feedexport.FeedExporter',
 'scrapy.extensions.logstats.LogStats']
2021-12-23 22:24:04 [scrapy.middleware] INFO: Enabled downloader middlewares:
['scrapy.downloadermiddlewares.robotstxt.RobotsTxtMiddleware',
 'scrapy.downloadermiddlewares.httpauth.HttpAuthMiddleware',
 'scrapy.downloadermiddlewares.downloadtimeout.DownloadTimeoutMiddleware',
 'scrapy.downloadermiddlewares.defaultheaders.DefaultHeadersMiddleware',
 'scrapy.downloadermiddlewares.useragent.UserAgentMiddleware',
 'scrapy.downloadermiddlewares.retry.RetryMiddleware',
 'scrapy.downloadermiddlewares.redirect.MetaRefreshMiddleware',
 'scrapy.downloadermiddlewares.httpcompression.HttpCompressionMiddleware',
 'scrapy.downloadermiddlewares.redirect.RedirectMiddleware',
 'scrapy.downloadermiddlewares.cookies.CookiesMiddleware',
 'scrapy.downloadermiddlewares.httpproxy.HttpProxyMiddleware',
 'scrapy.downloadermiddlewares.stats.DownloaderStats']
2021-12-23 22:24:04 [scrapy.middleware] INFO: Enabled spider middlewares:
['scrapy.spidermiddlewares.httperror.HttpErrorMiddleware',
 'scrapy.spidermiddlewares.offsite.OffsiteMiddleware',
 'scrapy.spidermiddlewares.referer.RefererMiddleware',
 'scrapy.spidermiddlewares.urllength.UrlLengthMiddleware',
 'scrapy.spidermiddlewares.depth.DepthMiddleware']
2021-12-23 22:24:04 [scrapy.middleware] INFO: Enabled item pipelines:
[]
2021-12-23 22:24:04 [scrapy.core.engine] INFO: Spider opened
2021-12-23 22:24:04 [scrapy.extensions.logstats] INFO: Crawled 0 pages (at 0 pages/min), scraped 0 items (at 0 items/min)
2021-12-23 22:24:04 [scrapy.extensions.telnet] INFO: Telnet console listening on 127.0.0.1:6023
2021-12-23 22:24:04 [scrapy.core.engine] DEBUG: Crawled (200) <GET https://www.ettoday.net/robots.txt> (referer: None)
2021-12-23 22:24:04 [scrapy.core.engine] DEBUG: Crawled (200) <GET https://www.ettoday.net/news/20201004/1824032.htm> (referer: None)
2021-12-23 22:24:04 [scrapy.core.engine] DEBUG: Crawled (200) <GET https://www.ettoday.net/news/20210707/2024903.htm> (referer: None)
2021-12-23 22:24:04 [scrapy.core.scraper] DEBUG: Scraped from <200 https://www.ettoday.net/news/20201004/1824032.htm>
{'content': ['記者蕭羽耘／台北報導',
             '這個周末將迎來國慶大會，2020年籌備委員會規劃三大亮點，一早空軍「雷虎小組」軍機分列式表演，將開放500民眾觀禮，晚間還有台南漁光島長達33分鐘的煙火秀，以及總統府建築投影光雕，系列活動屆時將讓民眾「大飽眼福」。',
             '國慶日系列活動吸睛，凱道一早舉行大典，將由空軍「雷虎小組」進行軍機分列式表演，陸軍的CH-47直升機和空軍的UH-60M直升機，也會先後飛越總統府上空，現場開放500名民眾觀禮。',
             '由於近期共機頻擾台，導致24日國慶預演時，戰機轟轟作響讓民眾恐慌，當時總統蔡英文甚至發文一解誤會，「今早台北市區的鬧鐘有點不一樣，這是國慶預演戰機飛行的聲音。」',
             '國慶晚間重頭戲還有煙火與總統府光雕，國慶煙火選在台南漁光島施放，總計長達33分鐘、共1萬7000發，為讓民眾有最佳的觀賞煙火體驗，台南市政府規劃多個場域，包括主舞台的安平戀愛廣場，副舞台的觀夕平台、1661台灣船園區、四鯤鯓（龍崗天橋停車場）等4個場地。',
             '至於光雕部分，由文化總會參與設計，以總統府為背景投放「口罩」、「豬肉」等圖樣，欲傳達這些成功的「台灣模式」，且象徵在動盪不安的國際情勢中，台灣仍能在黑暗中發出明亮的光，為國人指引方向，屹立風雨中守護國人，相當吸睛。'],
 'title': '雙十國慶節目三大亮點曝光\u3000內行攻略看這裡'}
2021-12-23 22:24:04 [scrapy.core.scraper] DEBUG: Scraped from <200 https://www.ettoday.net/news/20210707/2024903.htm>
{'content': ['記者賴文萱／台北報導',
             '華航貨運站驚傳有員工確診，指揮中心指揮官陳時中表示，可能大家注意到桃園相關的地勤上面有染疫，相關的公司也展開疫調，該匡列也先匡列，下午起會做比較大規模採檢。',
             '今傳出華航貨運站有1員工家住新北，其家人染疫，但最近5天都來上班，傳染到其他貨運站同事，目前已有2-3人驗出，華儲也要全面篩檢800多人。'],
 'title': '快訊／華航貨運站爆員工確診\u3000陳時中：下午起大規模採檢'}
2021-12-23 22:24:04 [scrapy.core.engine] INFO: Closing spider (finished)
2021-12-23 22:24:04 [scrapy.extensions.feedexport] INFO: Stored json feed (2 items) in: ./output/ettoday.json
2021-12-23 22:24:04 [scrapy.statscollectors] INFO: Dumping Scrapy stats:
{'downloader/request_bytes': 705,
 'downloader/request_count': 3,
 'downloader/request_method_count/GET': 3,
 'downloader/response_bytes': 48856,
 'downloader/response_count': 3,
 'downloader/response_status_count/200': 3,
 'elapsed_time_seconds': 0.379884,
 'feedexport/success_count/FileFeedStorage': 1,
 'finish_reason': 'finished',
 'finish_time': datetime.datetime(2021, 12, 23, 14, 24, 4, 395677),
 'httpcompression/response_bytes': 242550,
 'httpcompression/response_count': 3,
 'item_scraped_count': 2,
 'log_count/DEBUG': 5,
 'log_count/INFO': 11,
 'log_count/WARNING': 1,
 'memusage/max': 53624832,
 'memusage/startup': 53624832,
 'response_received_count': 3,
 'robotstxt/request_count': 1,
 'robotstxt/response_count': 1,
 'robotstxt/response_status_count/200': 1,
 'scheduler/dequeued': 2,
 'scheduler/dequeued/memory': 2,
 'scheduler/enqueued': 2,
 'scheduler/enqueued/memory': 2,
 'start_time': datetime.datetime(2021, 12, 23, 14, 24, 4, 15793)}
2021-12-23 22:24:04 [scrapy.core.engine] INFO: Spider closed (finished)
